<?xml version="1.0" encoding="UTF-8"?>
<!-- Generated by org.testng.reporters.JUnitReportReporter -->
<testsuite skipped="0" hostname="priya-PC" name="dataDrivenFrameworkPart1.DataProviderInDDFramework" tests="4" failures="0" timestamp="20 Jan 2018 15:11:10 GMT" time="114.010" errors="0">
  <testcase name="register" time="28.202" classname="dataDrivenFrameworkPart1.DataProviderInDDFramework"/>
  <testcase name="register" time="20.189" classname="dataDrivenFrameworkPart1.DataProviderInDDFramework"/>
  <testcase name="register" time="46.959" classname="dataDrivenFrameworkPart1.DataProviderInDDFramework"/>
  <testcase name="register" time="18.660" classname="dataDrivenFrameworkPart1.DataProviderInDDFramework"/>
</testsuite> <!-- dataDrivenFrameworkPart1.DataProviderInDDFramework -->
